20:28:18 **** ππΩ® of configuration Debug for project BDS4_DCDC ****
make -j8 all 
arm-none-eabi-gcc "../Core/Src/lcd.c" -mcpu=cortex-m4 -std=gnu11 -g3 -DDEBUG -DUSE_HAL_DRIVER -DSTM32F407xx -c -I../Core/Inc -I../Drivers/STM32F4xx_HAL_Driver/Inc -I../Drivers/STM32F4xx_HAL_Driver/Inc/Legacy -I../Drivers/CMSIS/Device/ST/STM32F4xx/Include -I../Drivers/CMSIS/Include -O0 -ffunction-sections -fdata-sections -Wall -fstack-usage -MMD -MP -MF"Core/Src/lcd.d" -MT"Core/Src/lcd.o" --specs=nano.specs -mfpu=fpv4-sp-d16 -mfloat-abi=hard -mthumb -o "Core/Src/lcd.o"
arm-none-eabi-gcc "../Core/Src/main.c" -mcpu=cortex-m4 -std=gnu11 -g3 -DDEBUG -DUSE_HAL_DRIVER -DSTM32F407xx -c -I../Core/Inc -I../Drivers/STM32F4xx_HAL_Driver/Inc -I../Drivers/STM32F4xx_HAL_Driver/Inc/Legacy -I../Drivers/CMSIS/Device/ST/STM32F4xx/Include -I../Drivers/CMSIS/Include -O0 -ffunction-sections -fdata-sections -Wall -fstack-usage -MMD -MP -MF"Core/Src/main.d" -MT"Core/Src/main.o" --specs=nano.specs -mfpu=fpv4-sp-d16 -mfloat-abi=hard -mthumb -o "Core/Src/main.o"
arm-none-eabi-gcc "../Core/Src/stm32f4xx_hal_msp.c" -mcpu=cortex-m4 -std=gnu11 -g3 -DDEBUG -DUSE_HAL_DRIVER -DSTM32F407xx -c -I../Core/Inc -I../Drivers/STM32F4xx_HAL_Driver/Inc -I../Drivers/STM32F4xx_HAL_Driver/Inc/Legacy -I../Drivers/CMSIS/Device/ST/STM32F4xx/Include -I../Drivers/CMSIS/Include -O0 -ffunction-sections -fdata-sections -Wall -fstack-usage -MMD -MP -MF"Core/Src/stm32f4xx_hal_msp.d" -MT"Core/Src/stm32f4xx_hal_msp.o" --specs=nano.specs -mfpu=fpv4-sp-d16 -mfloat-abi=hard -mthumb -o "Core/Src/stm32f4xx_hal_msp.o"
arm-none-eabi-gcc "../Core/Src/stm32f4xx_it.c" -mcpu=cortex-m4 -std=gnu11 -g3 -DDEBUG -DUSE_HAL_DRIVER -DSTM32F407xx -c -I../Core/Inc -I../Drivers/STM32F4xx_HAL_Driver/Inc -I../Drivers/STM32F4xx_HAL_Driver/Inc/Legacy -I../Drivers/CMSIS/Device/ST/STM32F4xx/Include -I../Drivers/CMSIS/Include -O0 -ffunction-sections -fdata-sections -Wall -fstack-usage -MMD -MP -MF"Core/Src/stm32f4xx_it.d" -MT"Core/Src/stm32f4xx_it.o" --specs=nano.specs -mfpu=fpv4-sp-d16 -mfloat-abi=hard -mthumb -o "Core/Src/stm32f4xx_it.o"
arm-none-eabi-gcc "../Core/Src/syscalls.c" -mcpu=cortex-m4 -std=gnu11 -g3 -DDEBUG -DUSE_HAL_DRIVER -DSTM32F407xx -c -I../Core/Inc -I../Drivers/STM32F4xx_HAL_Driver/Inc -I../Drivers/STM32F4xx_HAL_Driver/Inc/Legacy -I../Drivers/CMSIS/Device/ST/STM32F4xx/Include -I../Drivers/CMSIS/Include -O0 -ffunction-sections -fdata-sections -Wall -fstack-usage -MMD -MP -MF"Core/Src/syscalls.d" -MT"Core/Src/syscalls.o" --specs=nano.specs -mfpu=fpv4-sp-d16 -mfloat-abi=hard -mthumb -o "Core/Src/syscalls.o"
arm-none-eabi-gcc "../Core/Src/sysmem.c" -mcpu=cortex-m4 -std=gnu11 -g3 -DDEBUG -DUSE_HAL_DRIVER -DSTM32F407xx -c -I../Core/Inc -I../Drivers/STM32F4xx_HAL_Driver/Inc -I../Drivers/STM32F4xx_HAL_Driver/Inc/Legacy -I../Drivers/CMSIS/Device/ST/STM32F4xx/Include -I../Drivers/CMSIS/Include -O0 -ffunction-sections -fdata-sections -Wall -fstack-usage -MMD -MP -MF"Core/Src/sysmem.d" -MT"Core/Src/sysmem.o" --specs=nano.specs -mfpu=fpv4-sp-d16 -mfloat-abi=hard -mthumb -o "Core/Src/sysmem.o"
arm-none-eabi-gcc "../Core/Src/system_stm32f4xx.c" -mcpu=cortex-m4 -std=gnu11 -g3 -DDEBUG -DUSE_HAL_DRIVER -DSTM32F407xx -c -I../Core/Inc -I../Drivers/STM32F4xx_HAL_Driver/Inc -I../Drivers/STM32F4xx_HAL_Driver/Inc/Legacy -I../Drivers/CMSIS/Device/ST/STM32F4xx/Include -I../Drivers/CMSIS/Include -O0 -ffunction-sections -fdata-sections -Wall -fstack-usage -MMD -MP -MF"Core/Src/system_stm32f4xx.d" -MT"Core/Src/system_stm32f4xx.o" --specs=nano.specs -mfpu=fpv4-sp-d16 -mfloat-abi=hard -mthumb -o "Core/Src/system_stm32f4xx.o"
../Core/Src/main.c: In function 'main':
../Core/Src/main.c:432:8: error: expected expression before ')' token
  432 |     if()
      |        ^
make: *** [Core/Src/subdir.mk:39: Core/Src/main.o] Error 1
make: *** Waiting for unfinished jobs....
../Core/Src/lcd.c: In function 'IIC_Start':
../Core/Src/lcd.c:39:2: warning: implicit declaration of function 'delay_us' [-Wimplicit-function-declaration]
   39 |  delay_us(4);
      |  ^~~~~~~~
../Core/Src/lcd.c: At top level:
../Core/Src/lcd.c:272:2: warning: missing braces around initializer [-Wmissing-braces]
  272 |  {
      |  ^
......
  276 |   0,
      |   {
......
  280 |   0,
      |    }
  281 |   0,
      |   {
......
  284 | };
      | }
../Core/Src/lcd.c:533:31: warning: pointer targets in initialization of 'u8 * const' {aka 'unsigned char * const'} from 'char *' differ in signedness [-Wpointer-sign]
  533 | u8 *const TP_REMIND_MSG_TBL = "Please use the stylus click the cross on the screen.The cross will always move until the screen adjustment is completed.";
      |                               ^~~~~~~~~~~~~~~~~~~~~~~~~~~~~~~~~~~~~~~~~~~~~~~~~~~~~~~~~~~~~~~~~~~~~~~~~~~~~~~~~~~~~~~~~~~~~~~~~~~~~~~~~~~~~~~~~~~~~~~~~~
../Core/Src/lcd.c: In function 'TP_Adj_Info_Show':
../Core/Src/lcd.c:539:59: warning: pointer targets in passing argument 6 of 'LCD_ShowString' differ in signedness [-Wpointer-sign]
  539 |  LCD_ShowString(40, 160, lcddev.width, lcddev.height, 16, "x1:");
      |                                                           ^~~~~
      |                                                           |
      |                                                           char *
In file included from ../Core/Src/lcd.c:9:
../Core/Inc/lcd.h:212:96: note: expected 'uint8_t *' {aka 'unsigned char *'} but argument is of type 'char *'
  212 | void LCD_ShowString(uint16_t x,uint16_t y,uint16_t width,uint16_t height,uint8_t size,uint8_t *p);  //ÊòæÁ§∫‰∏?‰∏™Â≠óÁ¨¶‰∏≤,12/16Â≠ó‰Ωì
      |                                                                                       ~~~~~~~~~^
../Core/Src/lcd.c:540:64: warning: pointer targets in passing argument 6 of 'LCD_ShowString' differ in signedness [-Wpointer-sign]
  540 |  LCD_ShowString(40 + 80, 160, lcddev.width, lcddev.height, 16, "y1:");
      |                                                                ^~~~~
      |                                                                |
      |                                                                char *
In file included from ../Core/Src/lcd.c:9:
../Core/Inc/lcd.h:212:96: note: expected 'uint8_t *' {aka 'unsigned char *'} but argument is of type 'char *'
  212 | void LCD_ShowString(uint16_t x,uint16_t y,uint16_t width,uint16_t height,uint8_t size,uint8_t *p);  //ÊòæÁ§∫‰∏?‰∏™Â≠óÁ¨¶‰∏≤,12/16Â≠ó‰Ωì
      |                                                                                       ~~~~~~~~~^
../Core/Src/lcd.c:541:59: warning: pointer targets in passing argument 6 of 'LCD_ShowString' differ in signedness [-Wpointer-sign]
  541 |  LCD_ShowString(40, 180, lcddev.width, lcddev.height, 16, "x2:");
      |                                                           ^~~~~
      |                                                           |
      |                                                           char *
In file included from ../Core/Src/lcd.c:9:
../Core/Inc/lcd.h:212:96: note: expected 'uint8_t *' {aka 'unsigned char *'} but argument is of type 'char *'
  212 | void LCD_ShowString(uint16_t x,uint16_t y,uint16_t width,uint16_t height,uint8_t size,uint8_t *p);  //ÊòæÁ§∫‰∏?‰∏™Â≠óÁ¨¶‰∏≤,12/16Â≠ó‰Ωì
      |                                                                                       ~~~~~~~~~^
../Core/Src/lcd.c:542:64: warning: pointer targets in passing argument 6 of 'LCD_ShowString' differ in signedness [-Wpointer-sign]
  542 |  LCD_ShowString(40 + 80, 180, lcddev.width, lcddev.height, 16, "y2:");
      |                                                                ^~~~~
      |                                                                |
      |                                                                char *
In file included from ../Core/Src/lcd.c:9:
../Core/Inc/lcd.h:212:96: note: expected 'uint8_t *' {aka 'unsigned char *'} but argument is of type 'char *'
  212 | void LCD_ShowString(uint16_t x,uint16_t y,uint16_t width,uint16_t height,uint8_t size,uint8_t *p);  //ÊòæÁ§∫‰∏?‰∏™Â≠óÁ¨¶‰∏≤,12/16Â≠ó‰Ωì
      |                                                                                       ~~~~~~~~~^
../Core/Src/lcd.c:543:59: warning: pointer targets in passing argument 6 of 'LCD_ShowString' differ in signedness [-Wpointer-sign]
  543 |  LCD_ShowString(40, 200, lcddev.width, lcddev.height, 16, "x3:");
      |                                                           ^~~~~
      |                                                           |
      |                                                           char *
In file included from ../Core/Src/lcd.c:9:
../Core/Inc/lcd.h:212:96: note: expected 'uint8_t *' {aka 'unsigned char *'} but argument is of type 'char *'
  212 | void LCD_ShowString(uint16_t x,uint16_t y,uint16_t width,uint16_t height,uint8_t size,uint8_t *p);  //ÊòæÁ§∫‰∏?‰∏™Â≠óÁ¨¶‰∏≤,12/16Â≠ó‰Ωì
      |                                                                                       ~~~~~~~~~^
../Core/Src/lcd.c:544:64: warning: pointer targets in passing argument 6 of 'LCD_ShowString' differ in signedness [-Wpointer-sign]
  544 |  LCD_ShowString(40 + 80, 200, lcddev.width, lcddev.height, 16, "y3:");
      |                                                                ^~~~~
      |                                                                |
      |                                                                char *
In file included from ../Core/Src/lcd.c:9:
../Core/Inc/lcd.h:212:96: note: expected 'uint8_t *' {aka 'unsigned char *'} but argument is of type 'char *'
  212 | void LCD_ShowString(uint16_t x,uint16_t y,uint16_t width,uint16_t height,uint8_t size,uint8_t *p);  //ÊòæÁ§∫‰∏?‰∏™Â≠óÁ¨¶‰∏≤,12/16Â≠ó‰Ωì
      |                                                                                       ~~~~~~~~~^
../Core/Src/lcd.c:545:59: warning: pointer targets in passing argument 6 of 'LCD_ShowString' differ in signedness [-Wpointer-sign]
  545 |  LCD_ShowString(40, 220, lcddev.width, lcddev.height, 16, "x4:");
      |                                                           ^~~~~
      |                                                           |
      |                                                           char *
In file included from ../Core/Src/lcd.c:9:
../Core/Inc/lcd.h:212:96: note: expected 'uint8_t *' {aka 'unsigned char *'} but argument is of type 'char *'
  212 | void LCD_ShowString(uint16_t x,uint16_t y,uint16_t width,uint16_t height,uint8_t size,uint8_t *p);  //ÊòæÁ§∫‰∏?‰∏™Â≠óÁ¨¶‰∏≤,12/16Â≠ó‰Ωì
      |                                                                                       ~~~~~~~~~^
../Core/Src/lcd.c:546:64: warning: pointer targets in passing argument 6 of 'LCD_ShowString' differ in signedness [-Wpointer-sign]
  546 |  LCD_ShowString(40 + 80, 220, lcddev.width, lcddev.height, 16, "y4:");
      |                                                                ^~~~~
      |                                                                |
      |                                                                char *
In file included from ../Core/Src/lcd.c:9:
../Core/Inc/lcd.h:212:96: note: expected 'uint8_t *' {aka 'unsigned char *'} but argument is of type 'char *'
  212 | void LCD_ShowString(uint16_t x,uint16_t y,uint16_t width,uint16_t height,uint8_t size,uint8_t *p);  //ÊòæÁ§∫‰∏?‰∏™Â≠óÁ¨¶‰∏≤,12/16Â≠ó‰Ωì
      |                                                                                       ~~~~~~~~~^
../Core/Src/lcd.c:547:59: warning: pointer targets in passing argument 6 of 'LCD_ShowString' differ in signedness [-Wpointer-sign]
  547 |  LCD_ShowString(40, 240, lcddev.width, lcddev.height, 16, "fac is:");
      |                                                           ^~~~~~~~~
      |                                                           |
      |                                                           char *
In file included from ../Core/Src/lcd.c:9:
../Core/Inc/lcd.h:212:96: note: expected 'uint8_t *' {aka 'unsigned char *'} but argument is of type 'char *'
  212 | void LCD_ShowString(uint16_t x,uint16_t y,uint16_t width,uint16_t height,uint8_t size,uint8_t *p);  //ÊòæÁ§∫‰∏?‰∏™Â≠óÁ¨¶‰∏≤,12/16Â≠ó‰Ωì
      |                                                                                       ~~~~~~~~~^
../Core/Src/lcd.c: In function 'TP_Adjust':
../Core/Src/lcd.c:680:62: warning: pointer targets in passing argument 6 of 'LCD_ShowString' differ in signedness [-Wpointer-sign]
  680 |      LCD_ShowString(40, 26, lcddev.width, lcddev.height, 16, "TP Need readjust!");
      |                                                              ^~~~~~~~~~~~~~~~~~~
      |                                                              |
      |                                                              char *
In file included from ../Core/Src/lcd.c:9:
../Core/Inc/lcd.h:212:96: note: expected 'uint8_t *' {aka 'unsigned char *'} but argument is of type 'char *'
  212 | void LCD_ShowString(uint16_t x,uint16_t y,uint16_t width,uint16_t height,uint8_t size,uint8_t *p);  //ÊòæÁ§∫‰∏?‰∏™Â≠óÁ¨¶‰∏≤,12/16Â≠ó‰Ωì
      |                                                                                       ~~~~~~~~~^
../Core/Src/lcd.c:696:62: warning: pointer targets in passing argument 6 of 'LCD_ShowString' differ in signedness [-Wpointer-sign]
  696 |     LCD_ShowString(35, 110, lcddev.width, lcddev.height, 16, "Touch Screen Adjust OK!"); //Ê†°Ê≠£ÂÆåÊàê
      |                                                              ^~~~~~~~~~~~~~~~~~~~~~~~~
      |                                                              |
      |                                                              char *
In file included from ../Core/Src/lcd.c:9:
../Core/Inc/lcd.h:212:96: note: expected 'uint8_t *' {aka 'unsigned char *'} but argument is of type 'char *'
  212 | void LCD_ShowString(uint16_t x,uint16_t y,uint16_t width,uint16_t height,uint8_t size,uint8_t *p);  //ÊòæÁ§∫‰∏?‰∏™Â≠óÁ¨¶‰∏≤,12/16Â≠ó‰Ωì
      |                                                                                       ~~~~~~~~~^
"make -j8 all" terminated with exit code 2. Build might be incomplete.

20:28:20 Build Failed. 3 errors, 14 warnings. (took 1s.942ms)

